2012/09/26 23:31:43 [error] [exception.CDbException] exception 'CDbException' with message 'CDbConnection failed to open the DB connection: SQLSTATE[HY000] [1049] Unknown database 'testdrive'' in C:\www\one.ru\framework\db\CDbConnection.php:382
Stack trace:
#0 C:\www\one.ru\framework\db\CDbConnection.php(331): CDbConnection->open()
#1 C:\www\one.ru\framework\db\CDbConnection.php(309): CDbConnection->setActive(true)
#2 C:\www\one.ru\framework\base\CModule.php(388): CDbConnection->init()
#3 C:\www\one.ru\framework\base\CModule.php(104): CModule->getComponent('db')
#4 C:\www\one.ru\framework\gii\generators\model\ModelCode.php(57): CModule->__get('db')
#5 C:\www\one.ru\framework\web\CFormModel.php(40): ModelCode->init()
#6 C:\www\one.ru\framework\gii\CCodeGenerator.php(154): CFormModel->__construct()
#7 C:\www\one.ru\framework\gii\CCodeGenerator.php(64): CCodeGenerator->prepare()
#8 C:\www\one.ru\framework\web\actions\CInlineAction.php(50): CCodeGenerator->actionIndex()
#9 C:\www\one.ru\framework\web\CController.php(309): CInlineAction->runWithParams(Array)
#10 C:\www\one.ru\framework\web\CController.php(287): CController->runAction(Object(CInlineAction))
#11 C:\www\one.ru\framework\web\CController.php(266): CController->runActionWithFilters(Object(CInlineAction), Array)
#12 C:\www\one.ru\framework\web\CWebApplication.php(283): CController->run('')
#13 C:\www\one.ru\framework\web\CWebApplication.php(142): CWebApplication->runController('gii/model')
#14 C:\www\one.ru\framework\base\CApplication.php(162): CWebApplication->processRequest()
#15 C:\www\one.ru\index.php(13): CApplication->run()
#16 {main}
REQUEST_URI=/index.php/gii/model
HTTP_REFERER=http://one.ru/index.php/gii/default/index
---
2012/09/26 23:31:50 [error] [exception.CDbException] exception 'CDbException' with message 'CDbConnection failed to open the DB connection: SQLSTATE[HY000] [1049] Unknown database 'testdrive'' in C:\www\one.ru\framework\db\CDbConnection.php:382
Stack trace:
#0 C:\www\one.ru\framework\db\CDbConnection.php(331): CDbConnection->open()
#1 C:\www\one.ru\framework\db\CDbConnection.php(309): CDbConnection->setActive(true)
#2 C:\www\one.ru\framework\base\CModule.php(388): CDbConnection->init()
#3 C:\www\one.ru\framework\base\CModule.php(104): CModule->getComponent('db')
#4 C:\www\one.ru\framework\gii\generators\model\ModelCode.php(57): CModule->__get('db')
#5 C:\www\one.ru\framework\web\CFormModel.php(40): ModelCode->init()
#6 C:\www\one.ru\framework\gii\CCodeGenerator.php(154): CFormModel->__construct()
#7 C:\www\one.ru\framework\gii\CCodeGenerator.php(64): CCodeGenerator->prepare()
#8 C:\www\one.ru\framework\web\actions\CInlineAction.php(50): CCodeGenerator->actionIndex()
#9 C:\www\one.ru\framework\web\CController.php(309): CInlineAction->runWithParams(Array)
#10 C:\www\one.ru\framework\web\CController.php(287): CController->runAction(Object(CInlineAction))
#11 C:\www\one.ru\framework\web\CController.php(266): CController->runActionWithFilters(Object(CInlineAction), Array)
#12 C:\www\one.ru\framework\web\CWebApplication.php(283): CController->run('')
#13 C:\www\one.ru\framework\web\CWebApplication.php(142): CWebApplication->runController('gii/model')
#14 C:\www\one.ru\framework\base\CApplication.php(162): CWebApplication->processRequest()
#15 C:\www\one.ru\index.php(13): CApplication->run()
#16 {main}
REQUEST_URI=/index.php/gii/model
HTTP_REFERER=http://one.ru/index.php/gii/default/index
---
2012/09/26 23:34:27 [error] [system.db.CDbCommand] Не удалось выполнить CDbCommand::fetchAll(): SQLSTATE[42S02]: Base table or view not found: 1146 Table 'one.page' doesn't exist. Выполнявшийся SQL-запрос: SHOW COLUMNS FROM `page`.
in C:\www\one.ru\index.php (13)
2012/09/28 14:45:18 [error] [php] Trying to get property of non-object (C:\www\one.ru\protected\controllers\BookController.php:8)
Stack trace:
#0 C:\www\one.ru\framework\web\CController.php(287): BookController->runAction()
#1 C:\www\one.ru\framework\web\CController.php(266): BookController->runActionWithFilters()
#2 C:\www\one.ru\framework\web\CWebApplication.php(283): BookController->run()
#3 C:\www\one.ru\framework\web\CWebApplication.php(142): CWebApplication->runController()
#4 C:\www\one.ru\framework\base\CApplication.php(162): CWebApplication->processRequest()
#5 C:\www\one.ru\index.php(13): CWebApplication->run()
REQUEST_URI=/index.php?r=book
in C:\www\one.ru\protected\controllers\BookController.php (8)
in C:\www\one.ru\index.php (13)
2012/09/28 16:10:53 [error] [exception.CException] exception 'CException' with message 'Не определено свойство "CDbCriteria.0".' in C:\www\one.ru\framework\base\CComponent.php:174
Stack trace:
#0 C:\www\one.ru\framework\db\schema\CDbCriteria.php(161): CComponent->__set('0', 'id<:num')
#1 C:\www\one.ru\framework\db\schema\CDbCommandBuilder.php(462): CDbCriteria->__construct(Array)
#2 C:\www\one.ru\framework\db\ar\CActiveRecord.php(1395): CDbCommandBuilder->createCriteria(Array, Array)
#3 C:\www\one.ru\protected\controllers\BookController.php(8): CActiveRecord->find(Array, Array)
#4 C:\www\one.ru\framework\web\actions\CInlineAction.php(50): BookController->actionIndex()
#5 C:\www\one.ru\framework\web\CController.php(309): CInlineAction->runWithParams(Array)
#6 C:\www\one.ru\framework\web\CController.php(287): CController->runAction(Object(CInlineAction))
#7 C:\www\one.ru\framework\web\CController.php(266): CController->runActionWithFilters(Object(CInlineAction), Array)
#8 C:\www\one.ru\framework\web\CWebApplication.php(283): CController->run('')
#9 C:\www\one.ru\framework\web\CWebApplication.php(142): CWebApplication->runController('book')
#10 C:\www\one.ru\framework\base\CApplication.php(162): CWebApplication->processRequest()
#11 C:\www\one.ru\index.php(13): CApplication->run()
#12 {main}
REQUEST_URI=/index.php?r=book
---
2012/09/28 16:11:08 [error] [php] Undefined variable: one (C:\www\one.ru\protected\controllers\BookController.php:17)
Stack trace:
#0 C:\www\one.ru\framework\web\CController.php(287): BookController->runAction()
#1 C:\www\one.ru\framework\web\CController.php(266): BookController->runActionWithFilters()
#2 C:\www\one.ru\framework\web\CWebApplication.php(283): BookController->run()
#3 C:\www\one.ru\framework\web\CWebApplication.php(142): CWebApplication->runController()
#4 C:\www\one.ru\framework\base\CApplication.php(162): CWebApplication->processRequest()
#5 C:\www\one.ru\index.php(13): CWebApplication->run()
REQUEST_URI=/index.php?r=book
in C:\www\one.ru\protected\controllers\BookController.php (17)
in C:\www\one.ru\index.php (13)
2012/09/28 16:16:21 [error] [php] Trying to get property of non-object (C:\www\one.ru\protected\controllers\BookController.php:17)
Stack trace:
#0 C:\www\one.ru\framework\web\CController.php(287): BookController->runAction()
#1 C:\www\one.ru\framework\web\CController.php(266): BookController->runActionWithFilters()
#2 C:\www\one.ru\framework\web\CWebApplication.php(283): BookController->run()
#3 C:\www\one.ru\framework\web\CWebApplication.php(142): CWebApplication->runController()
#4 C:\www\one.ru\framework\base\CApplication.php(162): CWebApplication->processRequest()
#5 C:\www\one.ru\index.php(13): CWebApplication->run()
REQUEST_URI=/index.php?r=book
in C:\www\one.ru\protected\controllers\BookController.php (17)
in C:\www\one.ru\index.php (13)
2012/09/29 00:00:17 [error] [php] Invalid argument supplied for foreach() (C:\www\one.ru\framework\db\schema\CDbCommandBuilder.php:245)
Stack trace:
#0 C:\www\one.ru\framework\web\actions\CInlineAction.php(50): BookController->actionIndex()
#1 C:\www\one.ru\framework\web\CController.php(309): CInlineAction->runWithParams()
#2 C:\www\one.ru\framework\web\CController.php(287): BookController->runAction()
#3 C:\www\one.ru\framework\web\CController.php(266): BookController->runActionWithFilters()
#4 C:\www\one.ru\framework\web\CWebApplication.php(283): BookController->run()
#5 C:\www\one.ru\framework\web\CWebApplication.php(142): CWebApplication->runController()
#6 C:\www\one.ru\framework\base\CApplication.php(162): CWebApplication->processRequest()
#7 C:\www\one.ru\index.php(13): CWebApplication->run()
REQUEST_URI=/index.php?r=book
in C:\www\one.ru\protected\controllers\BookController.php (11)
in C:\www\one.ru\index.php (13)
2012/10/04 14:37:04 [error] [exception.CHttpException.404] exception 'CHttpException' with message 'Системе не удалось найти запрашиваемое действие "admin".' in C:\www\one.ru\framework\web\CController.php:484
Stack trace:
#0 C:\www\one.ru\framework\web\CController.php(271): CController->missingAction('admin')
#1 C:\www\one.ru\framework\web\CWebApplication.php(283): CController->run('admin')
#2 C:\www\one.ru\framework\web\CWebApplication.php(142): CWebApplication->runController('site/admin')
#3 C:\www\one.ru\framework\base\CApplication.php(162): CWebApplication->processRequest()
#4 C:\www\one.ru\index.php(13): CApplication->run()
#5 {main}
REQUEST_URI=/index.php?r=site/admin
---
2012/12/05 15:16:50 [error] [php] include(ActiveRecord.php): failed to open stream: No such file or directory (C:\www\one.ru\framework\YiiBase.php:423)
Stack trace:
#0 C:\www\one.ru\protected\models\Discount.php(10): spl_autoload_call()
#1 C:\www\one.ru\framework\YiiBase.php(423): include()
#2 unknown(0): autoload()
#3 C:\www\one.ru\protected\controllers\SiteController.php(38): spl_autoload_call()
#4 C:\www\one.ru\framework\web\actions\CInlineAction.php(50): SiteController->actionHowto()
#5 C:\www\one.ru\framework\web\CController.php(309): CInlineAction->runWithParams()
#6 C:\www\one.ru\framework\web\CController.php(287): SiteController->runAction()
#7 C:\www\one.ru\framework\web\CController.php(266): SiteController->runActionWithFilters()
#8 C:\www\one.ru\framework\web\CWebApplication.php(283): SiteController->run()
#9 C:\www\one.ru\framework\web\CWebApplication.php(142): CWebApplication->runController()
#10 C:\www\one.ru\framework\base\CApplication.php(162): CWebApplication->processRequest()
#11 C:\www\one.ru\index.php(13): CWebApplication->run()
REQUEST_URI=/index.php?r=site/howto
in C:\www\one.ru\protected\models\Discount.php (10)
in C:\www\one.ru\protected\controllers\SiteController.php (38)
in C:\www\one.ru\index.php (13)
2012/12/05 15:18:26 [error] [php] include(ActiveRecord.php): failed to open stream: No such file or directory (C:\www\one.ru\framework\YiiBase.php:423)
Stack trace:
#0 C:\www\one.ru\protected\models\Discount.php(10): spl_autoload_call()
#1 C:\www\one.ru\framework\YiiBase.php(423): include()
#2 unknown(0): autoload()
#3 C:\www\one.ru\protected\controllers\SiteController.php(38): spl_autoload_call()
#4 C:\www\one.ru\framework\web\actions\CInlineAction.php(50): SiteController->actionHowto()
#5 C:\www\one.ru\framework\web\CController.php(309): CInlineAction->runWithParams()
#6 C:\www\one.ru\framework\web\CController.php(287): SiteController->runAction()
#7 C:\www\one.ru\framework\web\CController.php(266): SiteController->runActionWithFilters()
#8 C:\www\one.ru\framework\web\CWebApplication.php(283): SiteController->run()
#9 C:\www\one.ru\framework\web\CWebApplication.php(142): CWebApplication->runController()
#10 C:\www\one.ru\framework\base\CApplication.php(162): CWebApplication->processRequest()
#11 C:\www\one.ru\index.php(13): CWebApplication->run()
REQUEST_URI=/index.php?r=site/howto
in C:\www\one.ru\protected\models\Discount.php (10)
in C:\www\one.ru\protected\controllers\SiteController.php (38)
in C:\www\one.ru\index.php (13)
2012/12/05 15:18:39 [error] [php] include(ActiveRecord.php): failed to open stream: No such file or directory (C:\www\one.ru\framework\YiiBase.php:423)
Stack trace:
#0 C:\www\one.ru\protected\models\Discount.php(10): spl_autoload_call()
#1 C:\www\one.ru\framework\YiiBase.php(423): include()
#2 unknown(0): autoload()
#3 C:\www\one.ru\protected\controllers\SiteController.php(38): spl_autoload_call()
#4 C:\www\one.ru\framework\web\actions\CInlineAction.php(50): SiteController->actionHowto()
#5 C:\www\one.ru\framework\web\CController.php(309): CInlineAction->runWithParams()
#6 C:\www\one.ru\framework\web\CController.php(287): SiteController->runAction()
#7 C:\www\one.ru\framework\web\CController.php(266): SiteController->runActionWithFilters()
#8 C:\www\one.ru\framework\web\CWebApplication.php(283): SiteController->run()
#9 C:\www\one.ru\framework\web\CWebApplication.php(142): CWebApplication->runController()
#10 C:\www\one.ru\framework\base\CApplication.php(162): CWebApplication->processRequest()
#11 C:\www\one.ru\index.php(13): CWebApplication->run()
REQUEST_URI=/index.php?r=site/howto
in C:\www\one.ru\protected\models\Discount.php (10)
in C:\www\one.ru\protected\controllers\SiteController.php (38)
in C:\www\one.ru\index.php (13)
2012/12/05 15:18:39 [error] [php] include(ActiveRecord.php): failed to open stream: No such file or directory (C:\www\one.ru\framework\YiiBase.php:423)
Stack trace:
#0 C:\www\one.ru\protected\models\Discount.php(10): spl_autoload_call()
#1 C:\www\one.ru\framework\YiiBase.php(423): include()
#2 unknown(0): autoload()
#3 C:\www\one.ru\protected\controllers\SiteController.php(38): spl_autoload_call()
#4 C:\www\one.ru\framework\web\actions\CInlineAction.php(50): SiteController->actionHowto()
#5 C:\www\one.ru\framework\web\CController.php(309): CInlineAction->runWithParams()
#6 C:\www\one.ru\framework\web\CController.php(287): SiteController->runAction()
#7 C:\www\one.ru\framework\web\CController.php(266): SiteController->runActionWithFilters()
#8 C:\www\one.ru\framework\web\CWebApplication.php(283): SiteController->run()
#9 C:\www\one.ru\framework\web\CWebApplication.php(142): CWebApplication->runController()
#10 C:\www\one.ru\framework\base\CApplication.php(162): CWebApplication->processRequest()
#11 C:\www\one.ru\index.php(13): CWebApplication->run()
REQUEST_URI=/index.php?r=site/howto
in C:\www\one.ru\protected\models\Discount.php (10)
in C:\www\one.ru\protected\controllers\SiteController.php (38)
in C:\www\one.ru\index.php (13)
2012/12/05 15:18:40 [error] [php] include(ActiveRecord.php): failed to open stream: No such file or directory (C:\www\one.ru\framework\YiiBase.php:423)
Stack trace:
#0 C:\www\one.ru\protected\models\Discount.php(10): spl_autoload_call()
#1 C:\www\one.ru\framework\YiiBase.php(423): include()
#2 unknown(0): autoload()
#3 C:\www\one.ru\protected\controllers\SiteController.php(38): spl_autoload_call()
#4 C:\www\one.ru\framework\web\actions\CInlineAction.php(50): SiteController->actionHowto()
#5 C:\www\one.ru\framework\web\CController.php(309): CInlineAction->runWithParams()
#6 C:\www\one.ru\framework\web\CController.php(287): SiteController->runAction()
#7 C:\www\one.ru\framework\web\CController.php(266): SiteController->runActionWithFilters()
#8 C:\www\one.ru\framework\web\CWebApplication.php(283): SiteController->run()
#9 C:\www\one.ru\framework\web\CWebApplication.php(142): CWebApplication->runController()
#10 C:\www\one.ru\framework\base\CApplication.php(162): CWebApplication->processRequest()
#11 C:\www\one.ru\index.php(13): CWebApplication->run()
REQUEST_URI=/index.php?r=site/howto
in C:\www\one.ru\protected\models\Discount.php (10)
in C:\www\one.ru\protected\controllers\SiteController.php (38)
in C:\www\one.ru\index.php (13)
2012/12/05 15:18:41 [error] [php] include(ActiveRecord.php): failed to open stream: No such file or directory (C:\www\one.ru\framework\YiiBase.php:423)
Stack trace:
#0 C:\www\one.ru\protected\models\Discount.php(10): spl_autoload_call()
#1 C:\www\one.ru\framework\YiiBase.php(423): include()
#2 unknown(0): autoload()
#3 C:\www\one.ru\protected\controllers\SiteController.php(38): spl_autoload_call()
#4 C:\www\one.ru\framework\web\actions\CInlineAction.php(50): SiteController->actionHowto()
#5 C:\www\one.ru\framework\web\CController.php(309): CInlineAction->runWithParams()
#6 C:\www\one.ru\framework\web\CController.php(287): SiteController->runAction()
#7 C:\www\one.ru\framework\web\CController.php(266): SiteController->runActionWithFilters()
#8 C:\www\one.ru\framework\web\CWebApplication.php(283): SiteController->run()
#9 C:\www\one.ru\framework\web\CWebApplication.php(142): CWebApplication->runController()
#10 C:\www\one.ru\framework\base\CApplication.php(162): CWebApplication->processRequest()
#11 C:\www\one.ru\index.php(13): CWebApplication->run()
REQUEST_URI=/index.php?r=site/howto
in C:\www\one.ru\protected\models\Discount.php (10)
in C:\www\one.ru\protected\controllers\SiteController.php (38)
in C:\www\one.ru\index.php (13)
2012/12/05 15:18:41 [error] [php] include(ActiveRecord.php): failed to open stream: No such file or directory (C:\www\one.ru\framework\YiiBase.php:423)
Stack trace:
#0 C:\www\one.ru\protected\models\Discount.php(10): spl_autoload_call()
#1 C:\www\one.ru\framework\YiiBase.php(423): include()
#2 unknown(0): autoload()
#3 C:\www\one.ru\protected\controllers\SiteController.php(38): spl_autoload_call()
#4 C:\www\one.ru\framework\web\actions\CInlineAction.php(50): SiteController->actionHowto()
#5 C:\www\one.ru\framework\web\CController.php(309): CInlineAction->runWithParams()
#6 C:\www\one.ru\framework\web\CController.php(287): SiteController->runAction()
#7 C:\www\one.ru\framework\web\CController.php(266): SiteController->runActionWithFilters()
#8 C:\www\one.ru\framework\web\CWebApplication.php(283): SiteController->run()
#9 C:\www\one.ru\framework\web\CWebApplication.php(142): CWebApplication->runController()
#10 C:\www\one.ru\framework\base\CApplication.php(162): CWebApplication->processRequest()
#11 C:\www\one.ru\index.php(13): CWebApplication->run()
REQUEST_URI=/index.php?r=site/howto
in C:\www\one.ru\protected\models\Discount.php (10)
in C:\www\one.ru\protected\controllers\SiteController.php (38)
in C:\www\one.ru\index.php (13)
2012/12/05 15:18:41 [error] [php] include(ActiveRecord.php): failed to open stream: No such file or directory (C:\www\one.ru\framework\YiiBase.php:423)
Stack trace:
#0 C:\www\one.ru\protected\models\Discount.php(10): spl_autoload_call()
#1 C:\www\one.ru\framework\YiiBase.php(423): include()
#2 unknown(0): autoload()
#3 C:\www\one.ru\protected\controllers\SiteController.php(38): spl_autoload_call()
#4 C:\www\one.ru\framework\web\actions\CInlineAction.php(50): SiteController->actionHowto()
#5 C:\www\one.ru\framework\web\CController.php(309): CInlineAction->runWithParams()
#6 C:\www\one.ru\framework\web\CController.php(287): SiteController->runAction()
#7 C:\www\one.ru\framework\web\CController.php(266): SiteController->runActionWithFilters()
#8 C:\www\one.ru\framework\web\CWebApplication.php(283): SiteController->run()
#9 C:\www\one.ru\framework\web\CWebApplication.php(142): CWebApplication->runController()
#10 C:\www\one.ru\framework\base\CApplication.php(162): CWebApplication->processRequest()
#11 C:\www\one.ru\index.php(13): CWebApplication->run()
REQUEST_URI=/index.php?r=site/howto
in C:\www\one.ru\protected\models\Discount.php (10)
in C:\www\one.ru\protected\controllers\SiteController.php (38)
in C:\www\one.ru\index.php (13)
2012/12/05 15:18:41 [error] [php] include(ActiveRecord.php): failed to open stream: No such file or directory (C:\www\one.ru\framework\YiiBase.php:423)
Stack trace:
#0 C:\www\one.ru\protected\models\Discount.php(10): spl_autoload_call()
#1 C:\www\one.ru\framework\YiiBase.php(423): include()
#2 unknown(0): autoload()
#3 C:\www\one.ru\protected\controllers\SiteController.php(38): spl_autoload_call()
#4 C:\www\one.ru\framework\web\actions\CInlineAction.php(50): SiteController->actionHowto()
#5 C:\www\one.ru\framework\web\CController.php(309): CInlineAction->runWithParams()
#6 C:\www\one.ru\framework\web\CController.php(287): SiteController->runAction()
#7 C:\www\one.ru\framework\web\CController.php(266): SiteController->runActionWithFilters()
#8 C:\www\one.ru\framework\web\CWebApplication.php(283): SiteController->run()
#9 C:\www\one.ru\framework\web\CWebApplication.php(142): CWebApplication->runController()
#10 C:\www\one.ru\framework\base\CApplication.php(162): CWebApplication->processRequest()
#11 C:\www\one.ru\index.php(13): CWebApplication->run()
REQUEST_URI=/index.php?r=site/howto
in C:\www\one.ru\protected\models\Discount.php (10)
in C:\www\one.ru\protected\controllers\SiteController.php (38)
in C:\www\one.ru\index.php (13)
2012/12/05 15:18:41 [error] [php] include(ActiveRecord.php): failed to open stream: No such file or directory (C:\www\one.ru\framework\YiiBase.php:423)
Stack trace:
#0 C:\www\one.ru\protected\models\Discount.php(10): spl_autoload_call()
#1 C:\www\one.ru\framework\YiiBase.php(423): include()
#2 unknown(0): autoload()
#3 C:\www\one.ru\protected\controllers\SiteController.php(38): spl_autoload_call()
#4 C:\www\one.ru\framework\web\actions\CInlineAction.php(50): SiteController->actionHowto()
#5 C:\www\one.ru\framework\web\CController.php(309): CInlineAction->runWithParams()
#6 C:\www\one.ru\framework\web\CController.php(287): SiteController->runAction()
#7 C:\www\one.ru\framework\web\CController.php(266): SiteController->runActionWithFilters()
#8 C:\www\one.ru\framework\web\CWebApplication.php(283): SiteController->run()
#9 C:\www\one.ru\framework\web\CWebApplication.php(142): CWebApplication->runController()
#10 C:\www\one.ru\framework\base\CApplication.php(162): CWebApplication->processRequest()
#11 C:\www\one.ru\index.php(13): CWebApplication->run()
REQUEST_URI=/index.php?r=site/howto
in C:\www\one.ru\protected\models\Discount.php (10)
in C:\www\one.ru\protected\controllers\SiteController.php (38)
in C:\www\one.ru\index.php (13)
2012/12/05 15:18:41 [error] [php] include(ActiveRecord.php): failed to open stream: No such file or directory (C:\www\one.ru\framework\YiiBase.php:423)
Stack trace:
#0 C:\www\one.ru\protected\models\Discount.php(10): spl_autoload_call()
#1 C:\www\one.ru\framework\YiiBase.php(423): include()
#2 unknown(0): autoload()
#3 C:\www\one.ru\protected\controllers\SiteController.php(38): spl_autoload_call()
#4 C:\www\one.ru\framework\web\actions\CInlineAction.php(50): SiteController->actionHowto()
#5 C:\www\one.ru\framework\web\CController.php(309): CInlineAction->runWithParams()
#6 C:\www\one.ru\framework\web\CController.php(287): SiteController->runAction()
#7 C:\www\one.ru\framework\web\CController.php(266): SiteController->runActionWithFilters()
#8 C:\www\one.ru\framework\web\CWebApplication.php(283): SiteController->run()
#9 C:\www\one.ru\framework\web\CWebApplication.php(142): CWebApplication->runController()
#10 C:\www\one.ru\framework\base\CApplication.php(162): CWebApplication->processRequest()
#11 C:\www\one.ru\index.php(13): CWebApplication->run()
REQUEST_URI=/index.php?r=site/howto
in C:\www\one.ru\protected\models\Discount.php (10)
in C:\www\one.ru\protected\controllers\SiteController.php (38)
in C:\www\one.ru\index.php (13)
2012/12/05 15:18:41 [error] [php] include(ActiveRecord.php): failed to open stream: No such file or directory (C:\www\one.ru\framework\YiiBase.php:423)
Stack trace:
#0 C:\www\one.ru\protected\models\Discount.php(10): spl_autoload_call()
#1 C:\www\one.ru\framework\YiiBase.php(423): include()
#2 unknown(0): autoload()
#3 C:\www\one.ru\protected\controllers\SiteController.php(38): spl_autoload_call()
#4 C:\www\one.ru\framework\web\actions\CInlineAction.php(50): SiteController->actionHowto()
#5 C:\www\one.ru\framework\web\CController.php(309): CInlineAction->runWithParams()
#6 C:\www\one.ru\framework\web\CController.php(287): SiteController->runAction()
#7 C:\www\one.ru\framework\web\CController.php(266): SiteController->runActionWithFilters()
#8 C:\www\one.ru\framework\web\CWebApplication.php(283): SiteController->run()
#9 C:\www\one.ru\framework\web\CWebApplication.php(142): CWebApplication->runController()
#10 C:\www\one.ru\framework\base\CApplication.php(162): CWebApplication->processRequest()
#11 C:\www\one.ru\index.php(13): CWebApplication->run()
REQUEST_URI=/index.php?r=site/howto
in C:\www\one.ru\protected\models\Discount.php (10)
in C:\www\one.ru\protected\controllers\SiteController.php (38)
in C:\www\one.ru\index.php (13)
2012/12/05 15:18:42 [error] [php] include(ActiveRecord.php): failed to open stream: No such file or directory (C:\www\one.ru\framework\YiiBase.php:423)
Stack trace:
#0 C:\www\one.ru\protected\models\Discount.php(10): spl_autoload_call()
#1 C:\www\one.ru\framework\YiiBase.php(423): include()
#2 unknown(0): autoload()
#3 C:\www\one.ru\protected\controllers\SiteController.php(38): spl_autoload_call()
#4 C:\www\one.ru\framework\web\actions\CInlineAction.php(50): SiteController->actionHowto()
#5 C:\www\one.ru\framework\web\CController.php(309): CInlineAction->runWithParams()
#6 C:\www\one.ru\framework\web\CController.php(287): SiteController->runAction()
#7 C:\www\one.ru\framework\web\CController.php(266): SiteController->runActionWithFilters()
#8 C:\www\one.ru\framework\web\CWebApplication.php(283): SiteController->run()
#9 C:\www\one.ru\framework\web\CWebApplication.php(142): CWebApplication->runController()
#10 C:\www\one.ru\framework\base\CApplication.php(162): CWebApplication->processRequest()
#11 C:\www\one.ru\index.php(13): CWebApplication->run()
REQUEST_URI=/index.php?r=site/howto
in C:\www\one.ru\protected\models\Discount.php (10)
in C:\www\one.ru\protected\controllers\SiteController.php (38)
in C:\www\one.ru\index.php (13)
2012/12/05 15:18:42 [error] [php] include(ActiveRecord.php): failed to open stream: No such file or directory (C:\www\one.ru\framework\YiiBase.php:423)
Stack trace:
#0 C:\www\one.ru\protected\models\Discount.php(10): spl_autoload_call()
#1 C:\www\one.ru\framework\YiiBase.php(423): include()
#2 unknown(0): autoload()
#3 C:\www\one.ru\protected\controllers\SiteController.php(38): spl_autoload_call()
#4 C:\www\one.ru\framework\web\actions\CInlineAction.php(50): SiteController->actionHowto()
#5 C:\www\one.ru\framework\web\CController.php(309): CInlineAction->runWithParams()
#6 C:\www\one.ru\framework\web\CController.php(287): SiteController->runAction()
#7 C:\www\one.ru\framework\web\CController.php(266): SiteController->runActionWithFilters()
#8 C:\www\one.ru\framework\web\CWebApplication.php(283): SiteController->run()
#9 C:\www\one.ru\framework\web\CWebApplication.php(142): CWebApplication->runController()
#10 C:\www\one.ru\framework\base\CApplication.php(162): CWebApplication->processRequest()
#11 C:\www\one.ru\index.php(13): CWebApplication->run()
REQUEST_URI=/index.php?r=site/howto
in C:\www\one.ru\protected\models\Discount.php (10)
in C:\www\one.ru\protected\controllers\SiteController.php (38)
in C:\www\one.ru\index.php (13)
2012/12/05 15:18:42 [error] [php] include(ActiveRecord.php): failed to open stream: No such file or directory (C:\www\one.ru\framework\YiiBase.php:423)
Stack trace:
#0 C:\www\one.ru\protected\models\Discount.php(10): spl_autoload_call()
#1 C:\www\one.ru\framework\YiiBase.php(423): include()
#2 unknown(0): autoload()
#3 C:\www\one.ru\protected\controllers\SiteController.php(38): spl_autoload_call()
#4 C:\www\one.ru\framework\web\actions\CInlineAction.php(50): SiteController->actionHowto()
#5 C:\www\one.ru\framework\web\CController.php(309): CInlineAction->runWithParams()
#6 C:\www\one.ru\framework\web\CController.php(287): SiteController->runAction()
#7 C:\www\one.ru\framework\web\CController.php(266): SiteController->runActionWithFilters()
#8 C:\www\one.ru\framework\web\CWebApplication.php(283): SiteController->run()
#9 C:\www\one.ru\framework\web\CWebApplication.php(142): CWebApplication->runController()
#10 C:\www\one.ru\framework\base\CApplication.php(162): CWebApplication->processRequest()
#11 C:\www\one.ru\index.php(13): CWebApplication->run()
REQUEST_URI=/index.php?r=site/howto
in C:\www\one.ru\protected\models\Discount.php (10)
in C:\www\one.ru\protected\controllers\SiteController.php (38)
in C:\www\one.ru\index.php (13)
2012/12/05 15:18:42 [error] [php] include(ActiveRecord.php): failed to open stream: No such file or directory (C:\www\one.ru\framework\YiiBase.php:423)
Stack trace:
#0 C:\www\one.ru\protected\models\Discount.php(10): spl_autoload_call()
#1 C:\www\one.ru\framework\YiiBase.php(423): include()
#2 unknown(0): autoload()
#3 C:\www\one.ru\protected\controllers\SiteController.php(38): spl_autoload_call()
#4 C:\www\one.ru\framework\web\actions\CInlineAction.php(50): SiteController->actionHowto()
#5 C:\www\one.ru\framework\web\CController.php(309): CInlineAction->runWithParams()
#6 C:\www\one.ru\framework\web\CController.php(287): SiteController->runAction()
#7 C:\www\one.ru\framework\web\CController.php(266): SiteController->runActionWithFilters()
#8 C:\www\one.ru\framework\web\CWebApplication.php(283): SiteController->run()
#9 C:\www\one.ru\framework\web\CWebApplication.php(142): CWebApplication->runController()
#10 C:\www\one.ru\framework\base\CApplication.php(162): CWebApplication->processRequest()
#11 C:\www\one.ru\index.php(13): CWebApplication->run()
REQUEST_URI=/index.php?r=site/howto
in C:\www\one.ru\protected\models\Discount.php (10)
in C:\www\one.ru\protected\controllers\SiteController.php (38)
in C:\www\one.ru\index.php (13)
2012/12/05 15:18:42 [error] [php] include(ActiveRecord.php): failed to open stream: No such file or directory (C:\www\one.ru\framework\YiiBase.php:423)
Stack trace:
#0 C:\www\one.ru\protected\models\Discount.php(10): spl_autoload_call()
#1 C:\www\one.ru\framework\YiiBase.php(423): include()
#2 unknown(0): autoload()
#3 C:\www\one.ru\protected\controllers\SiteController.php(38): spl_autoload_call()
#4 C:\www\one.ru\framework\web\actions\CInlineAction.php(50): SiteController->actionHowto()
#5 C:\www\one.ru\framework\web\CController.php(309): CInlineAction->runWithParams()
#6 C:\www\one.ru\framework\web\CController.php(287): SiteController->runAction()
#7 C:\www\one.ru\framework\web\CController.php(266): SiteController->runActionWithFilters()
#8 C:\www\one.ru\framework\web\CWebApplication.php(283): SiteController->run()
#9 C:\www\one.ru\framework\web\CWebApplication.php(142): CWebApplication->runController()
#10 C:\www\one.ru\framework\base\CApplication.php(162): CWebApplication->processRequest()
#11 C:\www\one.ru\index.php(13): CWebApplication->run()
REQUEST_URI=/index.php?r=site/howto
in C:\www\one.ru\protected\models\Discount.php (10)
in C:\www\one.ru\protected\controllers\SiteController.php (38)
in C:\www\one.ru\index.php (13)
2012/12/05 15:18:42 [error] [php] include(ActiveRecord.php): failed to open stream: No such file or directory (C:\www\one.ru\framework\YiiBase.php:423)
Stack trace:
#0 C:\www\one.ru\protected\models\Discount.php(10): spl_autoload_call()
#1 C:\www\one.ru\framework\YiiBase.php(423): include()
#2 unknown(0): autoload()
#3 C:\www\one.ru\protected\controllers\SiteController.php(38): spl_autoload_call()
#4 C:\www\one.ru\framework\web\actions\CInlineAction.php(50): SiteController->actionHowto()
#5 C:\www\one.ru\framework\web\CController.php(309): CInlineAction->runWithParams()
#6 C:\www\one.ru\framework\web\CController.php(287): SiteController->runAction()
#7 C:\www\one.ru\framework\web\CController.php(266): SiteController->runActionWithFilters()
#8 C:\www\one.ru\framework\web\CWebApplication.php(283): SiteController->run()
#9 C:\www\one.ru\framework\web\CWebApplication.php(142): CWebApplication->runController()
#10 C:\www\one.ru\framework\base\CApplication.php(162): CWebApplication->processRequest()
#11 C:\www\one.ru\index.php(13): CWebApplication->run()
REQUEST_URI=/index.php?r=site/howto
in C:\www\one.ru\protected\models\Discount.php (10)
in C:\www\one.ru\protected\controllers\SiteController.php (38)
in C:\www\one.ru\index.php (13)
2012/12/05 15:21:32 [error] [php] include(ActiveRecord.php): failed to open stream: No such file or directory (C:\www\one.ru\framework\YiiBase.php:423)
Stack trace:
#0 C:\www\one.ru\protected\models\Metro.php(4): spl_autoload_call()
#1 C:\www\one.ru\framework\YiiBase.php(423): include()
#2 unknown(0): autoload()
#3 C:\www\one.ru\framework\db\ar\CActiveRecord.php(387): spl_autoload_call()
#4 C:\www\one.ru\framework\db\ar\CActiveFinder.php(220): model()
#5 C:\www\one.ru\framework\db\ar\CActiveFinder.php(280): CActiveFinder->buildJoinTree()
#6 C:\www\one.ru\framework\db\ar\CActiveFinder.php(49): CActiveFinder->buildJoinTree()
#7 C:\www\one.ru\framework\db\ar\CActiveRecord.php(1295): CActiveFinder->__construct()
#8 C:\www\one.ru\framework\db\ar\CActiveRecord.php(1426): Discount->query()
#9 C:\www\one.ru\protected\controllers\SiteController.php(38): Discount->findByPk()
#10 C:\www\one.ru\framework\web\actions\CInlineAction.php(50): SiteController->actionHowto()
#11 C:\www\one.ru\framework\web\CController.php(309): CInlineAction->runWithParams()
#12 C:\www\one.ru\framework\web\CController.php(287): SiteController->runAction()
#13 C:\www\one.ru\framework\web\CController.php(266): SiteController->runActionWithFilters()
#14 C:\www\one.ru\framework\web\CWebApplication.php(283): SiteController->run()
#15 C:\www\one.ru\framework\web\CWebApplication.php(142): CWebApplication->runController()
#16 C:\www\one.ru\framework\base\CApplication.php(162): CWebApplication->processRequest()
#17 C:\www\one.ru\index.php(13): CWebApplication->run()
REQUEST_URI=/index.php?r=site/howto
in C:\www\one.ru\protected\models\Metro.php (4)
in C:\www\one.ru\protected\controllers\SiteController.php (38)
in C:\www\one.ru\index.php (13)
2012/12/05 16:13:11 [error] [php] Use of undefined constant name - assumed 'name' (C:\www\one.ru\protected\models\Discount.php:39)
Stack trace:
#0 C:\www\one.ru\framework\web\helpers\CHtml.php(1871): Discount->getValidators()
#1 C:\www\one.ru\framework\web\helpers\CHtml.php(1217): activeInputField()
#2 C:\www\one.ru\protected\views\site\viewPage.php(14): activeTextField()
#3 C:\www\one.ru\framework\web\CBaseController.php(127): require()
#4 C:\www\one.ru\framework\web\CBaseController.php(96): SiteController->renderInternal()
#5 C:\www\one.ru\framework\web\CController.php(870): SiteController->renderFile()
#6 C:\www\one.ru\framework\web\CController.php(783): SiteController->renderPartial()
#7 C:\www\one.ru\protected\controllers\SiteController.php(41): SiteController->render()
#8 C:\www\one.ru\framework\web\actions\CInlineAction.php(50): SiteController->actionHowto()
#9 C:\www\one.ru\framework\web\CController.php(309): CInlineAction->runWithParams()
#10 C:\www\one.ru\framework\web\CController.php(287): SiteController->runAction()
#11 C:\www\one.ru\framework\web\CController.php(266): SiteController->runActionWithFilters()
#12 C:\www\one.ru\framework\web\CWebApplication.php(283): SiteController->run()
#13 C:\www\one.ru\framework\web\CWebApplication.php(142): CWebApplication->runController()
#14 C:\www\one.ru\framework\base\CApplication.php(162): CWebApplication->processRequest()
#15 C:\www\one.ru\index.php(13): CWebApplication->run()
REQUEST_URI=/index.php?r=site/howto
in C:\www\one.ru\protected\models\Discount.php (39)
in C:\www\one.ru\protected\views\site\viewPage.php (14)
in C:\www\one.ru\protected\controllers\SiteController.php (41)
2012/12/05 16:13:13 [error] [php] Use of undefined constant name - assumed 'name' (C:\www\one.ru\protected\models\Discount.php:39)
Stack trace:
#0 C:\www\one.ru\framework\web\helpers\CHtml.php(1871): Discount->getValidators()
#1 C:\www\one.ru\framework\web\helpers\CHtml.php(1217): activeInputField()
#2 C:\www\one.ru\protected\views\site\viewPage.php(14): activeTextField()
#3 C:\www\one.ru\framework\web\CBaseController.php(127): require()
#4 C:\www\one.ru\framework\web\CBaseController.php(96): SiteController->renderInternal()
#5 C:\www\one.ru\framework\web\CController.php(870): SiteController->renderFile()
#6 C:\www\one.ru\framework\web\CController.php(783): SiteController->renderPartial()
#7 C:\www\one.ru\protected\controllers\SiteController.php(41): SiteController->render()
#8 C:\www\one.ru\framework\web\actions\CInlineAction.php(50): SiteController->actionHowto()
#9 C:\www\one.ru\framework\web\CController.php(309): CInlineAction->runWithParams()
#10 C:\www\one.ru\framework\web\CController.php(287): SiteController->runAction()
#11 C:\www\one.ru\framework\web\CController.php(266): SiteController->runActionWithFilters()
#12 C:\www\one.ru\framework\web\CWebApplication.php(283): SiteController->run()
#13 C:\www\one.ru\framework\web\CWebApplication.php(142): CWebApplication->runController()
#14 C:\www\one.ru\framework\base\CApplication.php(162): CWebApplication->processRequest()
#15 C:\www\one.ru\index.php(13): CWebApplication->run()
REQUEST_URI=/index.php?r=site/howto
in C:\www\one.ru\protected\models\Discount.php (39)
in C:\www\one.ru\protected\views\site\viewPage.php (14)
in C:\www\one.ru\protected\controllers\SiteController.php (41)
2012/12/05 16:13:13 [error] [php] Use of undefined constant name - assumed 'name' (C:\www\one.ru\protected\models\Discount.php:39)
Stack trace:
#0 C:\www\one.ru\framework\web\helpers\CHtml.php(1871): Discount->getValidators()
#1 C:\www\one.ru\framework\web\helpers\CHtml.php(1217): activeInputField()
#2 C:\www\one.ru\protected\views\site\viewPage.php(14): activeTextField()
#3 C:\www\one.ru\framework\web\CBaseController.php(127): require()
#4 C:\www\one.ru\framework\web\CBaseController.php(96): SiteController->renderInternal()
#5 C:\www\one.ru\framework\web\CController.php(870): SiteController->renderFile()
#6 C:\www\one.ru\framework\web\CController.php(783): SiteController->renderPartial()
#7 C:\www\one.ru\protected\controllers\SiteController.php(41): SiteController->render()
#8 C:\www\one.ru\framework\web\actions\CInlineAction.php(50): SiteController->actionHowto()
#9 C:\www\one.ru\framework\web\CController.php(309): CInlineAction->runWithParams()
#10 C:\www\one.ru\framework\web\CController.php(287): SiteController->runAction()
#11 C:\www\one.ru\framework\web\CController.php(266): SiteController->runActionWithFilters()
#12 C:\www\one.ru\framework\web\CWebApplication.php(283): SiteController->run()
#13 C:\www\one.ru\framework\web\CWebApplication.php(142): CWebApplication->runController()
#14 C:\www\one.ru\framework\base\CApplication.php(162): CWebApplication->processRequest()
#15 C:\www\one.ru\index.php(13): CWebApplication->run()
REQUEST_URI=/index.php?r=site/howto
in C:\www\one.ru\protected\models\Discount.php (39)
in C:\www\one.ru\protected\views\site\viewPage.php (14)
in C:\www\one.ru\protected\controllers\SiteController.php (41)
2012/12/05 16:13:14 [error] [php] Use of undefined constant name - assumed 'name' (C:\www\one.ru\protected\models\Discount.php:39)
Stack trace:
#0 C:\www\one.ru\framework\web\helpers\CHtml.php(1871): Discount->getValidators()
#1 C:\www\one.ru\framework\web\helpers\CHtml.php(1217): activeInputField()
#2 C:\www\one.ru\protected\views\site\viewPage.php(14): activeTextField()
#3 C:\www\one.ru\framework\web\CBaseController.php(127): require()
#4 C:\www\one.ru\framework\web\CBaseController.php(96): SiteController->renderInternal()
#5 C:\www\one.ru\framework\web\CController.php(870): SiteController->renderFile()
#6 C:\www\one.ru\framework\web\CController.php(783): SiteController->renderPartial()
#7 C:\www\one.ru\protected\controllers\SiteController.php(41): SiteController->render()
#8 C:\www\one.ru\framework\web\actions\CInlineAction.php(50): SiteController->actionHowto()
#9 C:\www\one.ru\framework\web\CController.php(309): CInlineAction->runWithParams()
#10 C:\www\one.ru\framework\web\CController.php(287): SiteController->runAction()
#11 C:\www\one.ru\framework\web\CController.php(266): SiteController->runActionWithFilters()
#12 C:\www\one.ru\framework\web\CWebApplication.php(283): SiteController->run()
#13 C:\www\one.ru\framework\web\CWebApplication.php(142): CWebApplication->runController()
#14 C:\www\one.ru\framework\base\CApplication.php(162): CWebApplication->processRequest()
#15 C:\www\one.ru\index.php(13): CWebApplication->run()
REQUEST_URI=/index.php?r=site/howto
in C:\www\one.ru\protected\models\Discount.php (39)
in C:\www\one.ru\protected\views\site\viewPage.php (14)
in C:\www\one.ru\protected\controllers\SiteController.php (41)
2012/12/05 16:13:14 [error] [php] Use of undefined constant name - assumed 'name' (C:\www\one.ru\protected\models\Discount.php:39)
Stack trace:
#0 C:\www\one.ru\framework\web\helpers\CHtml.php(1871): Discount->getValidators()
#1 C:\www\one.ru\framework\web\helpers\CHtml.php(1217): activeInputField()
#2 C:\www\one.ru\protected\views\site\viewPage.php(14): activeTextField()
#3 C:\www\one.ru\framework\web\CBaseController.php(127): require()
#4 C:\www\one.ru\framework\web\CBaseController.php(96): SiteController->renderInternal()
#5 C:\www\one.ru\framework\web\CController.php(870): SiteController->renderFile()
#6 C:\www\one.ru\framework\web\CController.php(783): SiteController->renderPartial()
#7 C:\www\one.ru\protected\controllers\SiteController.php(41): SiteController->render()
#8 C:\www\one.ru\framework\web\actions\CInlineAction.php(50): SiteController->actionHowto()
#9 C:\www\one.ru\framework\web\CController.php(309): CInlineAction->runWithParams()
#10 C:\www\one.ru\framework\web\CController.php(287): SiteController->runAction()
#11 C:\www\one.ru\framework\web\CController.php(266): SiteController->runActionWithFilters()
#12 C:\www\one.ru\framework\web\CWebApplication.php(283): SiteController->run()
#13 C:\www\one.ru\framework\web\CWebApplication.php(142): CWebApplication->runController()
#14 C:\www\one.ru\framework\base\CApplication.php(162): CWebApplication->processRequest()
#15 C:\www\one.ru\index.php(13): CWebApplication->run()
REQUEST_URI=/index.php?r=site/howto
in C:\www\one.ru\protected\models\Discount.php (39)
in C:\www\one.ru\protected\views\site\viewPage.php (14)
in C:\www\one.ru\protected\controllers\SiteController.php (41)
2012/12/05 16:13:15 [error] [php] Use of undefined constant name - assumed 'name' (C:\www\one.ru\protected\models\Discount.php:39)
Stack trace:
#0 C:\www\one.ru\framework\web\helpers\CHtml.php(1871): Discount->getValidators()
#1 C:\www\one.ru\framework\web\helpers\CHtml.php(1217): activeInputField()
#2 C:\www\one.ru\protected\views\site\viewPage.php(14): activeTextField()
#3 C:\www\one.ru\framework\web\CBaseController.php(127): require()
#4 C:\www\one.ru\framework\web\CBaseController.php(96): SiteController->renderInternal()
#5 C:\www\one.ru\framework\web\CController.php(870): SiteController->renderFile()
#6 C:\www\one.ru\framework\web\CController.php(783): SiteController->renderPartial()
#7 C:\www\one.ru\protected\controllers\SiteController.php(41): SiteController->render()
#8 C:\www\one.ru\framework\web\actions\CInlineAction.php(50): SiteController->actionHowto()
#9 C:\www\one.ru\framework\web\CController.php(309): CInlineAction->runWithParams()
#10 C:\www\one.ru\framework\web\CController.php(287): SiteController->runAction()
#11 C:\www\one.ru\framework\web\CController.php(266): SiteController->runActionWithFilters()
#12 C:\www\one.ru\framework\web\CWebApplication.php(283): SiteController->run()
#13 C:\www\one.ru\framework\web\CWebApplication.php(142): CWebApplication->runController()
#14 C:\www\one.ru\framework\base\CApplication.php(162): CWebApplication->processRequest()
#15 C:\www\one.ru\index.php(13): CWebApplication->run()
REQUEST_URI=/index.php?r=site/howto
in C:\www\one.ru\protected\models\Discount.php (39)
in C:\www\one.ru\protected\views\site\viewPage.php (14)
in C:\www\one.ru\protected\controllers\SiteController.php (41)
2012/12/05 16:13:15 [error] [php] Use of undefined constant name - assumed 'name' (C:\www\one.ru\protected\models\Discount.php:39)
Stack trace:
#0 C:\www\one.ru\framework\web\helpers\CHtml.php(1871): Discount->getValidators()
#1 C:\www\one.ru\framework\web\helpers\CHtml.php(1217): activeInputField()
#2 C:\www\one.ru\protected\views\site\viewPage.php(14): activeTextField()
#3 C:\www\one.ru\framework\web\CBaseController.php(127): require()
#4 C:\www\one.ru\framework\web\CBaseController.php(96): SiteController->renderInternal()
#5 C:\www\one.ru\framework\web\CController.php(870): SiteController->renderFile()
#6 C:\www\one.ru\framework\web\CController.php(783): SiteController->renderPartial()
#7 C:\www\one.ru\protected\controllers\SiteController.php(41): SiteController->render()
#8 C:\www\one.ru\framework\web\actions\CInlineAction.php(50): SiteController->actionHowto()
#9 C:\www\one.ru\framework\web\CController.php(309): CInlineAction->runWithParams()
#10 C:\www\one.ru\framework\web\CController.php(287): SiteController->runAction()
#11 C:\www\one.ru\framework\web\CController.php(266): SiteController->runActionWithFilters()
#12 C:\www\one.ru\framework\web\CWebApplication.php(283): SiteController->run()
#13 C:\www\one.ru\framework\web\CWebApplication.php(142): CWebApplication->runController()
#14 C:\www\one.ru\framework\base\CApplication.php(162): CWebApplication->processRequest()
#15 C:\www\one.ru\index.php(13): CWebApplication->run()
REQUEST_URI=/index.php?r=site/howto
in C:\www\one.ru\protected\models\Discount.php (39)
in C:\www\one.ru\protected\views\site\viewPage.php (14)
in C:\www\one.ru\protected\controllers\SiteController.php (41)
2012/12/05 16:13:15 [error] [php] Use of undefined constant name - assumed 'name' (C:\www\one.ru\protected\models\Discount.php:39)
Stack trace:
#0 C:\www\one.ru\framework\web\helpers\CHtml.php(1871): Discount->getValidators()
#1 C:\www\one.ru\framework\web\helpers\CHtml.php(1217): activeInputField()
#2 C:\www\one.ru\protected\views\site\viewPage.php(14): activeTextField()
#3 C:\www\one.ru\framework\web\CBaseController.php(127): require()
#4 C:\www\one.ru\framework\web\CBaseController.php(96): SiteController->renderInternal()
#5 C:\www\one.ru\framework\web\CController.php(870): SiteController->renderFile()
#6 C:\www\one.ru\framework\web\CController.php(783): SiteController->renderPartial()
#7 C:\www\one.ru\protected\controllers\SiteController.php(41): SiteController->render()
#8 C:\www\one.ru\framework\web\actions\CInlineAction.php(50): SiteController->actionHowto()
#9 C:\www\one.ru\framework\web\CController.php(309): CInlineAction->runWithParams()
#10 C:\www\one.ru\framework\web\CController.php(287): SiteController->runAction()
#11 C:\www\one.ru\framework\web\CController.php(266): SiteController->runActionWithFilters()
#12 C:\www\one.ru\framework\web\CWebApplication.php(283): SiteController->run()
#13 C:\www\one.ru\framework\web\CWebApplication.php(142): CWebApplication->runController()
#14 C:\www\one.ru\framework\base\CApplication.php(162): CWebApplication->processRequest()
#15 C:\www\one.ru\index.php(13): CWebApplication->run()
REQUEST_URI=/index.php?r=site/howto
in C:\www\one.ru\protected\models\Discount.php (39)
in C:\www\one.ru\protected\views\site\viewPage.php (14)
in C:\www\one.ru\protected\controllers\SiteController.php (41)
2012/12/05 16:49:08 [error] [php] Undefined variable: page (C:\www\one.ru\protected\controllers\SiteController.php:50)
Stack trace:
#0 C:\www\one.ru\framework\web\CController.php(287): SiteController->runAction()
#1 C:\www\one.ru\framework\web\CController.php(266): SiteController->runActionWithFilters()
#2 C:\www\one.ru\framework\web\CWebApplication.php(283): SiteController->run()
#3 C:\www\one.ru\framework\web\CWebApplication.php(142): CWebApplication->runController()
#4 C:\www\one.ru\framework\base\CApplication.php(162): CWebApplication->processRequest()
#5 C:\www\one.ru\index.php(13): CWebApplication->run()
REQUEST_URI=/index.php?r=site/howto
in C:\www\one.ru\protected\controllers\SiteController.php (50)
in C:\www\one.ru\index.php (13)
2012/12/05 16:49:10 [error] [php] Undefined variable: page (C:\www\one.ru\protected\controllers\SiteController.php:50)
Stack trace:
#0 C:\www\one.ru\framework\web\CController.php(287): SiteController->runAction()
#1 C:\www\one.ru\framework\web\CController.php(266): SiteController->runActionWithFilters()
#2 C:\www\one.ru\framework\web\CWebApplication.php(283): SiteController->run()
#3 C:\www\one.ru\framework\web\CWebApplication.php(142): CWebApplication->runController()
#4 C:\www\one.ru\framework\base\CApplication.php(162): CWebApplication->processRequest()
#5 C:\www\one.ru\index.php(13): CWebApplication->run()
REQUEST_URI=/index.php?r=site/howto
in C:\www\one.ru\protected\controllers\SiteController.php (50)
in C:\www\one.ru\index.php (13)
2012/12/05 16:49:11 [error] [php] Undefined variable: page (C:\www\one.ru\protected\controllers\SiteController.php:50)
Stack trace:
#0 C:\www\one.ru\framework\web\CController.php(287): SiteController->runAction()
#1 C:\www\one.ru\framework\web\CController.php(266): SiteController->runActionWithFilters()
#2 C:\www\one.ru\framework\web\CWebApplication.php(283): SiteController->run()
#3 C:\www\one.ru\framework\web\CWebApplication.php(142): CWebApplication->runController()
#4 C:\www\one.ru\framework\base\CApplication.php(162): CWebApplication->processRequest()
#5 C:\www\one.ru\index.php(13): CWebApplication->run()
REQUEST_URI=/index.php?r=site/howto
in C:\www\one.ru\protected\controllers\SiteController.php (50)
in C:\www\one.ru\index.php (13)
2012/12/05 16:49:12 [error] [php] Undefined variable: page (C:\www\one.ru\protected\controllers\SiteController.php:50)
Stack trace:
#0 C:\www\one.ru\framework\web\CController.php(287): SiteController->runAction()
#1 C:\www\one.ru\framework\web\CController.php(266): SiteController->runActionWithFilters()
#2 C:\www\one.ru\framework\web\CWebApplication.php(283): SiteController->run()
#3 C:\www\one.ru\framework\web\CWebApplication.php(142): CWebApplication->runController()
#4 C:\www\one.ru\framework\base\CApplication.php(162): CWebApplication->processRequest()
#5 C:\www\one.ru\index.php(13): CWebApplication->run()
REQUEST_URI=/index.php?r=site/howto
in C:\www\one.ru\protected\controllers\SiteController.php (50)
in C:\www\one.ru\index.php (13)
2012/12/05 16:49:12 [error] [php] Undefined variable: page (C:\www\one.ru\protected\controllers\SiteController.php:50)
Stack trace:
#0 C:\www\one.ru\framework\web\CController.php(287): SiteController->runAction()
#1 C:\www\one.ru\framework\web\CController.php(266): SiteController->runActionWithFilters()
#2 C:\www\one.ru\framework\web\CWebApplication.php(283): SiteController->run()
#3 C:\www\one.ru\framework\web\CWebApplication.php(142): CWebApplication->runController()
#4 C:\www\one.ru\framework\base\CApplication.php(162): CWebApplication->processRequest()
#5 C:\www\one.ru\index.php(13): CWebApplication->run()
REQUEST_URI=/index.php?r=site/howto
in C:\www\one.ru\protected\controllers\SiteController.php (50)
in C:\www\one.ru\index.php (13)
2012/12/05 16:49:12 [error] [php] Undefined variable: page (C:\www\one.ru\protected\controllers\SiteController.php:50)
Stack trace:
#0 C:\www\one.ru\framework\web\CController.php(287): SiteController->runAction()
#1 C:\www\one.ru\framework\web\CController.php(266): SiteController->runActionWithFilters()
#2 C:\www\one.ru\framework\web\CWebApplication.php(283): SiteController->run()
#3 C:\www\one.ru\framework\web\CWebApplication.php(142): CWebApplication->runController()
#4 C:\www\one.ru\framework\base\CApplication.php(162): CWebApplication->processRequest()
#5 C:\www\one.ru\index.php(13): CWebApplication->run()
REQUEST_URI=/index.php?r=site/howto
in C:\www\one.ru\protected\controllers\SiteController.php (50)
in C:\www\one.ru\index.php (13)
2012/12/05 16:49:12 [error] [php] Undefined variable: page (C:\www\one.ru\protected\controllers\SiteController.php:50)
Stack trace:
#0 C:\www\one.ru\framework\web\CController.php(287): SiteController->runAction()
#1 C:\www\one.ru\framework\web\CController.php(266): SiteController->runActionWithFilters()
#2 C:\www\one.ru\framework\web\CWebApplication.php(283): SiteController->run()
#3 C:\www\one.ru\framework\web\CWebApplication.php(142): CWebApplication->runController()
#4 C:\www\one.ru\framework\base\CApplication.php(162): CWebApplication->processRequest()
#5 C:\www\one.ru\index.php(13): CWebApplication->run()
REQUEST_URI=/index.php?r=site/howto
in C:\www\one.ru\protected\controllers\SiteController.php (50)
in C:\www\one.ru\index.php (13)
2012/12/05 16:49:12 [error] [php] Undefined variable: page (C:\www\one.ru\protected\controllers\SiteController.php:50)
Stack trace:
#0 C:\www\one.ru\framework\web\CController.php(287): SiteController->runAction()
#1 C:\www\one.ru\framework\web\CController.php(266): SiteController->runActionWithFilters()
#2 C:\www\one.ru\framework\web\CWebApplication.php(283): SiteController->run()
#3 C:\www\one.ru\framework\web\CWebApplication.php(142): CWebApplication->runController()
#4 C:\www\one.ru\framework\base\CApplication.php(162): CWebApplication->processRequest()
#5 C:\www\one.ru\index.php(13): CWebApplication->run()
REQUEST_URI=/index.php?r=site/howto
in C:\www\one.ru\protected\controllers\SiteController.php (50)
in C:\www\one.ru\index.php (13)
2012/12/05 16:49:12 [error] [php] Undefined variable: page (C:\www\one.ru\protected\controllers\SiteController.php:50)
Stack trace:
#0 C:\www\one.ru\framework\web\CController.php(287): SiteController->runAction()
#1 C:\www\one.ru\framework\web\CController.php(266): SiteController->runActionWithFilters()
#2 C:\www\one.ru\framework\web\CWebApplication.php(283): SiteController->run()
#3 C:\www\one.ru\framework\web\CWebApplication.php(142): CWebApplication->runController()
#4 C:\www\one.ru\framework\base\CApplication.php(162): CWebApplication->processRequest()
#5 C:\www\one.ru\index.php(13): CWebApplication->run()
REQUEST_URI=/index.php?r=site/howto
in C:\www\one.ru\protected\controllers\SiteController.php (50)
in C:\www\one.ru\index.php (13)
2012/12/05 16:49:13 [error] [php] Undefined variable: page (C:\www\one.ru\protected\controllers\SiteController.php:50)
Stack trace:
#0 C:\www\one.ru\framework\web\CController.php(287): SiteController->runAction()
#1 C:\www\one.ru\framework\web\CController.php(266): SiteController->runActionWithFilters()
#2 C:\www\one.ru\framework\web\CWebApplication.php(283): SiteController->run()
#3 C:\www\one.ru\framework\web\CWebApplication.php(142): CWebApplication->runController()
#4 C:\www\one.ru\framework\base\CApplication.php(162): CWebApplication->processRequest()
#5 C:\www\one.ru\index.php(13): CWebApplication->run()
REQUEST_URI=/index.php?r=site/howto
in C:\www\one.ru\protected\controllers\SiteController.php (50)
in C:\www\one.ru\index.php (13)
2012/12/05 16:49:13 [error] [php] Undefined variable: page (C:\www\one.ru\protected\controllers\SiteController.php:50)
Stack trace:
#0 C:\www\one.ru\framework\web\CController.php(287): SiteController->runAction()
#1 C:\www\one.ru\framework\web\CController.php(266): SiteController->runActionWithFilters()
#2 C:\www\one.ru\framework\web\CWebApplication.php(283): SiteController->run()
#3 C:\www\one.ru\framework\web\CWebApplication.php(142): CWebApplication->runController()
#4 C:\www\one.ru\framework\base\CApplication.php(162): CWebApplication->processRequest()
#5 C:\www\one.ru\index.php(13): CWebApplication->run()
REQUEST_URI=/index.php?r=site/howto
in C:\www\one.ru\protected\controllers\SiteController.php (50)
in C:\www\one.ru\index.php (13)
